<?xml version="1.0" encoding="UTF-8"?>
<testsuite xmlns:xsi="http://www.w3.org/2001/XMLSchema-instance" xsi:noNamespaceSchemaLocation="https://maven.apache.org/surefire/maven-surefire-plugin/xsd/surefire-test-report-3.0.xsd" version="3.0" name="bzh.redge.myDevContainer.MyDevContainerApplicationTests" time="4.497" tests="1" errors="0" skipped="0" failures="0">
  <properties>
    <property name="java.specification.version" value="21"/>
    <property name="sun.jnu.encoding" value="ANSI_X3.4-1968"/>
    <property name="java.class.path" value="/IdeaProjects/myDevContainer/target/test-classes:/IdeaProjects/myDevContainer/target/classes:/root/.m2/repository/org/springframework/boot/spring-boot-starter-actuator/3.3.1/spring-boot-starter-actuator-3.3.1.jar:/root/.m2/repository/org/springframework/boot/spring-boot-starter/3.3.1/spring-boot-starter-3.3.1.jar:/root/.m2/repository/org/springframework/boot/spring-boot-starter-logging/3.3.1/spring-boot-starter-logging-3.3.1.jar:/root/.m2/repository/ch/qos/logback/logback-classic/1.5.6/logback-classic-1.5.6.jar:/root/.m2/repository/ch/qos/logback/logback-core/1.5.6/logback-core-1.5.6.jar:/root/.m2/repository/org/apache/logging/log4j/log4j-to-slf4j/2.23.1/log4j-to-slf4j-2.23.1.jar:/root/.m2/repository/org/apache/logging/log4j/log4j-api/2.23.1/log4j-api-2.23.1.jar:/root/.m2/repository/org/slf4j/jul-to-slf4j/2.0.13/jul-to-slf4j-2.0.13.jar:/root/.m2/repository/jakarta/annotation/jakarta.annotation-api/2.1.1/jakarta.annotation-api-2.1.1.jar:/root/.m2/repository/org/yaml/snakeyaml/2.2/snakeyaml-2.2.jar:/root/.m2/repository/org/springframework/boot/spring-boot-actuator-autoconfigure/3.3.1/spring-boot-actuator-autoconfigure-3.3.1.jar:/root/.m2/repository/org/springframework/boot/spring-boot-actuator/3.3.1/spring-boot-actuator-3.3.1.jar:/root/.m2/repository/com/fasterxml/jackson/core/jackson-databind/2.17.1/jackson-databind-2.17.1.jar:/root/.m2/repository/com/fasterxml/jackson/core/jackson-annotations/2.17.1/jackson-annotations-2.17.1.jar:/root/.m2/repository/com/fasterxml/jackson/datatype/jackson-datatype-jsr310/2.17.1/jackson-datatype-jsr310-2.17.1.jar:/root/.m2/repository/io/micrometer/micrometer-observation/1.13.1/micrometer-observation-1.13.1.jar:/root/.m2/repository/io/micrometer/micrometer-commons/1.13.1/micrometer-commons-1.13.1.jar:/root/.m2/repository/io/micrometer/micrometer-jakarta9/1.13.1/micrometer-jakarta9-1.13.1.jar:/root/.m2/repository/io/micrometer/micrometer-core/1.13.1/micrometer-core-1.13.1.jar:/root/.m2/repository/org/hdrhistogram/HdrHistogram/2.2.2/HdrHistogram-2.2.2.jar:/root/.m2/repository/org/latencyutils/LatencyUtils/2.0.3/LatencyUtils-2.0.3.jar:/root/.m2/repository/org/springframework/boot/spring-boot-starter-validation/3.3.1/spring-boot-starter-validation-3.3.1.jar:/root/.m2/repository/org/apache/tomcat/embed/tomcat-embed-el/10.1.25/tomcat-embed-el-10.1.25.jar:/root/.m2/repository/org/hibernate/validator/hibernate-validator/8.0.1.Final/hibernate-validator-8.0.1.Final.jar:/root/.m2/repository/jakarta/validation/jakarta.validation-api/3.0.2/jakarta.validation-api-3.0.2.jar:/root/.m2/repository/org/jboss/logging/jboss-logging/3.5.3.Final/jboss-logging-3.5.3.Final.jar:/root/.m2/repository/com/fasterxml/classmate/1.7.0/classmate-1.7.0.jar:/root/.m2/repository/org/springframework/boot/spring-boot-starter-data-jpa/3.3.1/spring-boot-starter-data-jpa-3.3.1.jar:/root/.m2/repository/org/springframework/boot/spring-boot-starter-aop/3.3.1/spring-boot-starter-aop-3.3.1.jar:/root/.m2/repository/org/springframework/spring-aop/6.1.10/spring-aop-6.1.10.jar:/root/.m2/repository/org/aspectj/aspectjweaver/1.9.22/aspectjweaver-1.9.22.jar:/root/.m2/repository/org/springframework/boot/spring-boot-starter-jdbc/3.3.1/spring-boot-starter-jdbc-3.3.1.jar:/root/.m2/repository/com/zaxxer/HikariCP/5.1.0/HikariCP-5.1.0.jar:/root/.m2/repository/org/springframework/spring-jdbc/6.1.10/spring-jdbc-6.1.10.jar:/root/.m2/repository/org/hibernate/orm/hibernate-core/6.5.2.Final/hibernate-core-6.5.2.Final.jar:/root/.m2/repository/jakarta/persistence/jakarta.persistence-api/3.1.0/jakarta.persistence-api-3.1.0.jar:/root/.m2/repository/jakarta/transaction/jakarta.transaction-api/2.0.1/jakarta.transaction-api-2.0.1.jar:/root/.m2/repository/org/hibernate/common/hibernate-commons-annotations/6.0.6.Final/hibernate-commons-annotations-6.0.6.Final.jar:/root/.m2/repository/io/smallrye/jandex/3.1.2/jandex-3.1.2.jar:/root/.m2/repository/net/bytebuddy/byte-buddy/1.14.17/byte-buddy-1.14.17.jar:/root/.m2/repository/org/glassfish/jaxb/jaxb-runtime/4.0.5/jaxb-runtime-4.0.5.jar:/root/.m2/repository/org/glassfish/jaxb/jaxb-core/4.0.5/jaxb-core-4.0.5.jar:/root/.m2/repository/org/eclipse/angus/angus-activation/2.0.2/angus-activation-2.0.2.jar:/root/.m2/repository/org/glassfish/jaxb/txw2/4.0.5/txw2-4.0.5.jar:/root/.m2/repository/com/sun/istack/istack-commons-runtime/4.1.2/istack-commons-runtime-4.1.2.jar:/root/.m2/repository/jakarta/inject/jakarta.inject-api/2.0.1/jakarta.inject-api-2.0.1.jar:/root/.m2/repository/org/antlr/antlr4-runtime/4.13.0/antlr4-runtime-4.13.0.jar:/root/.m2/repository/org/springframework/data/spring-data-jpa/3.3.1/spring-data-jpa-3.3.1.jar:/root/.m2/repository/org/springframework/data/spring-data-commons/3.3.1/spring-data-commons-3.3.1.jar:/root/.m2/repository/org/springframework/spring-orm/6.1.10/spring-orm-6.1.10.jar:/root/.m2/repository/org/springframework/spring-context/6.1.10/spring-context-6.1.10.jar:/root/.m2/repository/org/springframework/spring-tx/6.1.10/spring-tx-6.1.10.jar:/root/.m2/repository/org/springframework/spring-beans/6.1.10/spring-beans-6.1.10.jar:/root/.m2/repository/org/slf4j/slf4j-api/2.0.13/slf4j-api-2.0.13.jar:/root/.m2/repository/org/springframework/spring-aspects/6.1.10/spring-aspects-6.1.10.jar:/root/.m2/repository/org/springframework/boot/spring-boot-starter-web/3.3.1/spring-boot-starter-web-3.3.1.jar:/root/.m2/repository/org/springframework/boot/spring-boot-starter-json/3.3.1/spring-boot-starter-json-3.3.1.jar:/root/.m2/repository/com/fasterxml/jackson/datatype/jackson-datatype-jdk8/2.17.1/jackson-datatype-jdk8-2.17.1.jar:/root/.m2/repository/com/fasterxml/jackson/module/jackson-module-parameter-names/2.17.1/jackson-module-parameter-names-2.17.1.jar:/root/.m2/repository/org/springframework/boot/spring-boot-starter-tomcat/3.3.1/spring-boot-starter-tomcat-3.3.1.jar:/root/.m2/repository/org/apache/tomcat/embed/tomcat-embed-core/10.1.25/tomcat-embed-core-10.1.25.jar:/root/.m2/repository/org/apache/tomcat/embed/tomcat-embed-websocket/10.1.25/tomcat-embed-websocket-10.1.25.jar:/root/.m2/repository/org/springframework/spring-web/6.1.10/spring-web-6.1.10.jar:/root/.m2/repository/org/springframework/spring-webmvc/6.1.10/spring-webmvc-6.1.10.jar:/root/.m2/repository/org/springframework/spring-expression/6.1.10/spring-expression-6.1.10.jar:/root/.m2/repository/org/mapstruct/mapstruct/1.5.5.Final/mapstruct-1.5.5.Final.jar:/root/.m2/repository/org/flywaydb/flyway-core/10.10.0/flyway-core-10.10.0.jar:/root/.m2/repository/com/fasterxml/jackson/dataformat/jackson-dataformat-toml/2.17.1/jackson-dataformat-toml-2.17.1.jar:/root/.m2/repository/com/fasterxml/jackson/core/jackson-core/2.17.1/jackson-core-2.17.1.jar:/root/.m2/repository/com/google/code/gson/gson/2.10.1/gson-2.10.1.jar:/root/.m2/repository/org/flywaydb/flyway-database-postgresql/10.10.0/flyway-database-postgresql-10.10.0.jar:/root/.m2/repository/org/springframework/boot/spring-boot-devtools/3.3.1/spring-boot-devtools-3.3.1.jar:/root/.m2/repository/org/springframework/boot/spring-boot/3.3.1/spring-boot-3.3.1.jar:/root/.m2/repository/org/springframework/boot/spring-boot-autoconfigure/3.3.1/spring-boot-autoconfigure-3.3.1.jar:/root/.m2/repository/org/postgresql/postgresql/42.7.3/postgresql-42.7.3.jar:/root/.m2/repository/org/checkerframework/checker-qual/3.42.0/checker-qual-3.42.0.jar:/root/.m2/repository/org/projectlombok/lombok/1.18.32/lombok-1.18.32.jar:/root/.m2/repository/org/springframework/boot/spring-boot-starter-test/3.3.1/spring-boot-starter-test-3.3.1.jar:/root/.m2/repository/org/springframework/boot/spring-boot-test/3.3.1/spring-boot-test-3.3.1.jar:/root/.m2/repository/org/springframework/boot/spring-boot-test-autoconfigure/3.3.1/spring-boot-test-autoconfigure-3.3.1.jar:/root/.m2/repository/com/jayway/jsonpath/json-path/2.9.0/json-path-2.9.0.jar:/root/.m2/repository/jakarta/xml/bind/jakarta.xml.bind-api/4.0.2/jakarta.xml.bind-api-4.0.2.jar:/root/.m2/repository/jakarta/activation/jakarta.activation-api/2.1.3/jakarta.activation-api-2.1.3.jar:/root/.m2/repository/net/minidev/json-smart/2.5.1/json-smart-2.5.1.jar:/root/.m2/repository/net/minidev/accessors-smart/2.5.1/accessors-smart-2.5.1.jar:/root/.m2/repository/org/ow2/asm/asm/9.6/asm-9.6.jar:/root/.m2/repository/org/assertj/assertj-core/3.25.3/assertj-core-3.25.3.jar:/root/.m2/repository/org/awaitility/awaitility/4.2.1/awaitility-4.2.1.jar:/root/.m2/repository/org/hamcrest/hamcrest/2.2/hamcrest-2.2.jar:/root/.m2/repository/org/junit/jupiter/junit-jupiter/5.10.2/junit-jupiter-5.10.2.jar:/root/.m2/repository/org/junit/jupiter/junit-jupiter-api/5.10.2/junit-jupiter-api-5.10.2.jar:/root/.m2/repository/org/opentest4j/opentest4j/1.3.0/opentest4j-1.3.0.jar:/root/.m2/repository/org/junit/platform/junit-platform-commons/1.10.2/junit-platform-commons-1.10.2.jar:/root/.m2/repository/org/apiguardian/apiguardian-api/1.1.2/apiguardian-api-1.1.2.jar:/root/.m2/repository/org/junit/jupiter/junit-jupiter-params/5.10.2/junit-jupiter-params-5.10.2.jar:/root/.m2/repository/org/junit/jupiter/junit-jupiter-engine/5.10.2/junit-jupiter-engine-5.10.2.jar:/root/.m2/repository/org/junit/platform/junit-platform-engine/1.10.2/junit-platform-engine-1.10.2.jar:/root/.m2/repository/org/mockito/mockito-core/5.11.0/mockito-core-5.11.0.jar:/root/.m2/repository/net/bytebuddy/byte-buddy-agent/1.14.17/byte-buddy-agent-1.14.17.jar:/root/.m2/repository/org/objenesis/objenesis/3.3/objenesis-3.3.jar:/root/.m2/repository/org/mockito/mockito-junit-jupiter/5.11.0/mockito-junit-jupiter-5.11.0.jar:/root/.m2/repository/org/skyscreamer/jsonassert/1.5.1/jsonassert-1.5.1.jar:/root/.m2/repository/com/vaadin/external/google/android-json/0.0.20131108.vaadin1/android-json-0.0.20131108.vaadin1.jar:/root/.m2/repository/org/springframework/spring-core/6.1.10/spring-core-6.1.10.jar:/root/.m2/repository/org/springframework/spring-jcl/6.1.10/spring-jcl-6.1.10.jar:/root/.m2/repository/org/springframework/spring-test/6.1.10/spring-test-6.1.10.jar:/root/.m2/repository/org/xmlunit/xmlunit-core/2.9.1/xmlunit-core-2.9.1.jar:"/>
    <property name="java.vm.vendor" value="Ubuntu"/>
    <property name="sun.arch.data.model" value="64"/>
    <property name="java.vendor.url" value="https://ubuntu.com/"/>
    <property name="user.timezone" value="GMT"/>
    <property name="org.jboss.logging.provider" value="slf4j"/>
    <property name="os.name" value="Linux"/>
    <property name="java.vm.specification.version" value="21"/>
    <property name="sun.java.launcher" value="SUN_STANDARD"/>
    <property name="user.country" value="US"/>
    <property name="sun.boot.library.path" value="/usr/lib/jvm/java-21-openjdk-arm64/lib"/>
    <property name="sun.java.command" value="/IdeaProjects/myDevContainer/target/surefire/surefirebooter-20240711131137623_3.jar /IdeaProjects/myDevContainer/target/surefire 2024-07-11T13-11-37_576-jvmRun1 surefire-20240711131137623_1tmp surefire_0-20240711131137623_2tmp"/>
    <property name="jdk.debug" value="release"/>
    <property name="surefire.test.class.path" value="/IdeaProjects/myDevContainer/target/test-classes:/IdeaProjects/myDevContainer/target/classes:/root/.m2/repository/org/springframework/boot/spring-boot-starter-actuator/3.3.1/spring-boot-starter-actuator-3.3.1.jar:/root/.m2/repository/org/springframework/boot/spring-boot-starter/3.3.1/spring-boot-starter-3.3.1.jar:/root/.m2/repository/org/springframework/boot/spring-boot-starter-logging/3.3.1/spring-boot-starter-logging-3.3.1.jar:/root/.m2/repository/ch/qos/logback/logback-classic/1.5.6/logback-classic-1.5.6.jar:/root/.m2/repository/ch/qos/logback/logback-core/1.5.6/logback-core-1.5.6.jar:/root/.m2/repository/org/apache/logging/log4j/log4j-to-slf4j/2.23.1/log4j-to-slf4j-2.23.1.jar:/root/.m2/repository/org/apache/logging/log4j/log4j-api/2.23.1/log4j-api-2.23.1.jar:/root/.m2/repository/org/slf4j/jul-to-slf4j/2.0.13/jul-to-slf4j-2.0.13.jar:/root/.m2/repository/jakarta/annotation/jakarta.annotation-api/2.1.1/jakarta.annotation-api-2.1.1.jar:/root/.m2/repository/org/yaml/snakeyaml/2.2/snakeyaml-2.2.jar:/root/.m2/repository/org/springframework/boot/spring-boot-actuator-autoconfigure/3.3.1/spring-boot-actuator-autoconfigure-3.3.1.jar:/root/.m2/repository/org/springframework/boot/spring-boot-actuator/3.3.1/spring-boot-actuator-3.3.1.jar:/root/.m2/repository/com/fasterxml/jackson/core/jackson-databind/2.17.1/jackson-databind-2.17.1.jar:/root/.m2/repository/com/fasterxml/jackson/core/jackson-annotations/2.17.1/jackson-annotations-2.17.1.jar:/root/.m2/repository/com/fasterxml/jackson/datatype/jackson-datatype-jsr310/2.17.1/jackson-datatype-jsr310-2.17.1.jar:/root/.m2/repository/io/micrometer/micrometer-observation/1.13.1/micrometer-observation-1.13.1.jar:/root/.m2/repository/io/micrometer/micrometer-commons/1.13.1/micrometer-commons-1.13.1.jar:/root/.m2/repository/io/micrometer/micrometer-jakarta9/1.13.1/micrometer-jakarta9-1.13.1.jar:/root/.m2/repository/io/micrometer/micrometer-core/1.13.1/micrometer-core-1.13.1.jar:/root/.m2/repository/org/hdrhistogram/HdrHistogram/2.2.2/HdrHistogram-2.2.2.jar:/root/.m2/repository/org/latencyutils/LatencyUtils/2.0.3/LatencyUtils-2.0.3.jar:/root/.m2/repository/org/springframework/boot/spring-boot-starter-validation/3.3.1/spring-boot-starter-validation-3.3.1.jar:/root/.m2/repository/org/apache/tomcat/embed/tomcat-embed-el/10.1.25/tomcat-embed-el-10.1.25.jar:/root/.m2/repository/org/hibernate/validator/hibernate-validator/8.0.1.Final/hibernate-validator-8.0.1.Final.jar:/root/.m2/repository/jakarta/validation/jakarta.validation-api/3.0.2/jakarta.validation-api-3.0.2.jar:/root/.m2/repository/org/jboss/logging/jboss-logging/3.5.3.Final/jboss-logging-3.5.3.Final.jar:/root/.m2/repository/com/fasterxml/classmate/1.7.0/classmate-1.7.0.jar:/root/.m2/repository/org/springframework/boot/spring-boot-starter-data-jpa/3.3.1/spring-boot-starter-data-jpa-3.3.1.jar:/root/.m2/repository/org/springframework/boot/spring-boot-starter-aop/3.3.1/spring-boot-starter-aop-3.3.1.jar:/root/.m2/repository/org/springframework/spring-aop/6.1.10/spring-aop-6.1.10.jar:/root/.m2/repository/org/aspectj/aspectjweaver/1.9.22/aspectjweaver-1.9.22.jar:/root/.m2/repository/org/springframework/boot/spring-boot-starter-jdbc/3.3.1/spring-boot-starter-jdbc-3.3.1.jar:/root/.m2/repository/com/zaxxer/HikariCP/5.1.0/HikariCP-5.1.0.jar:/root/.m2/repository/org/springframework/spring-jdbc/6.1.10/spring-jdbc-6.1.10.jar:/root/.m2/repository/org/hibernate/orm/hibernate-core/6.5.2.Final/hibernate-core-6.5.2.Final.jar:/root/.m2/repository/jakarta/persistence/jakarta.persistence-api/3.1.0/jakarta.persistence-api-3.1.0.jar:/root/.m2/repository/jakarta/transaction/jakarta.transaction-api/2.0.1/jakarta.transaction-api-2.0.1.jar:/root/.m2/repository/org/hibernate/common/hibernate-commons-annotations/6.0.6.Final/hibernate-commons-annotations-6.0.6.Final.jar:/root/.m2/repository/io/smallrye/jandex/3.1.2/jandex-3.1.2.jar:/root/.m2/repository/net/bytebuddy/byte-buddy/1.14.17/byte-buddy-1.14.17.jar:/root/.m2/repository/org/glassfish/jaxb/jaxb-runtime/4.0.5/jaxb-runtime-4.0.5.jar:/root/.m2/repository/org/glassfish/jaxb/jaxb-core/4.0.5/jaxb-core-4.0.5.jar:/root/.m2/repository/org/eclipse/angus/angus-activation/2.0.2/angus-activation-2.0.2.jar:/root/.m2/repository/org/glassfish/jaxb/txw2/4.0.5/txw2-4.0.5.jar:/root/.m2/repository/com/sun/istack/istack-commons-runtime/4.1.2/istack-commons-runtime-4.1.2.jar:/root/.m2/repository/jakarta/inject/jakarta.inject-api/2.0.1/jakarta.inject-api-2.0.1.jar:/root/.m2/repository/org/antlr/antlr4-runtime/4.13.0/antlr4-runtime-4.13.0.jar:/root/.m2/repository/org/springframework/data/spring-data-jpa/3.3.1/spring-data-jpa-3.3.1.jar:/root/.m2/repository/org/springframework/data/spring-data-commons/3.3.1/spring-data-commons-3.3.1.jar:/root/.m2/repository/org/springframework/spring-orm/6.1.10/spring-orm-6.1.10.jar:/root/.m2/repository/org/springframework/spring-context/6.1.10/spring-context-6.1.10.jar:/root/.m2/repository/org/springframework/spring-tx/6.1.10/spring-tx-6.1.10.jar:/root/.m2/repository/org/springframework/spring-beans/6.1.10/spring-beans-6.1.10.jar:/root/.m2/repository/org/slf4j/slf4j-api/2.0.13/slf4j-api-2.0.13.jar:/root/.m2/repository/org/springframework/spring-aspects/6.1.10/spring-aspects-6.1.10.jar:/root/.m2/repository/org/springframework/boot/spring-boot-starter-web/3.3.1/spring-boot-starter-web-3.3.1.jar:/root/.m2/repository/org/springframework/boot/spring-boot-starter-json/3.3.1/spring-boot-starter-json-3.3.1.jar:/root/.m2/repository/com/fasterxml/jackson/datatype/jackson-datatype-jdk8/2.17.1/jackson-datatype-jdk8-2.17.1.jar:/root/.m2/repository/com/fasterxml/jackson/module/jackson-module-parameter-names/2.17.1/jackson-module-parameter-names-2.17.1.jar:/root/.m2/repository/org/springframework/boot/spring-boot-starter-tomcat/3.3.1/spring-boot-starter-tomcat-3.3.1.jar:/root/.m2/repository/org/apache/tomcat/embed/tomcat-embed-core/10.1.25/tomcat-embed-core-10.1.25.jar:/root/.m2/repository/org/apache/tomcat/embed/tomcat-embed-websocket/10.1.25/tomcat-embed-websocket-10.1.25.jar:/root/.m2/repository/org/springframework/spring-web/6.1.10/spring-web-6.1.10.jar:/root/.m2/repository/org/springframework/spring-webmvc/6.1.10/spring-webmvc-6.1.10.jar:/root/.m2/repository/org/springframework/spring-expression/6.1.10/spring-expression-6.1.10.jar:/root/.m2/repository/org/mapstruct/mapstruct/1.5.5.Final/mapstruct-1.5.5.Final.jar:/root/.m2/repository/org/flywaydb/flyway-core/10.10.0/flyway-core-10.10.0.jar:/root/.m2/repository/com/fasterxml/jackson/dataformat/jackson-dataformat-toml/2.17.1/jackson-dataformat-toml-2.17.1.jar:/root/.m2/repository/com/fasterxml/jackson/core/jackson-core/2.17.1/jackson-core-2.17.1.jar:/root/.m2/repository/com/google/code/gson/gson/2.10.1/gson-2.10.1.jar:/root/.m2/repository/org/flywaydb/flyway-database-postgresql/10.10.0/flyway-database-postgresql-10.10.0.jar:/root/.m2/repository/org/springframework/boot/spring-boot-devtools/3.3.1/spring-boot-devtools-3.3.1.jar:/root/.m2/repository/org/springframework/boot/spring-boot/3.3.1/spring-boot-3.3.1.jar:/root/.m2/repository/org/springframework/boot/spring-boot-autoconfigure/3.3.1/spring-boot-autoconfigure-3.3.1.jar:/root/.m2/repository/org/postgresql/postgresql/42.7.3/postgresql-42.7.3.jar:/root/.m2/repository/org/checkerframework/checker-qual/3.42.0/checker-qual-3.42.0.jar:/root/.m2/repository/org/projectlombok/lombok/1.18.32/lombok-1.18.32.jar:/root/.m2/repository/org/springframework/boot/spring-boot-starter-test/3.3.1/spring-boot-starter-test-3.3.1.jar:/root/.m2/repository/org/springframework/boot/spring-boot-test/3.3.1/spring-boot-test-3.3.1.jar:/root/.m2/repository/org/springframework/boot/spring-boot-test-autoconfigure/3.3.1/spring-boot-test-autoconfigure-3.3.1.jar:/root/.m2/repository/com/jayway/jsonpath/json-path/2.9.0/json-path-2.9.0.jar:/root/.m2/repository/jakarta/xml/bind/jakarta.xml.bind-api/4.0.2/jakarta.xml.bind-api-4.0.2.jar:/root/.m2/repository/jakarta/activation/jakarta.activation-api/2.1.3/jakarta.activation-api-2.1.3.jar:/root/.m2/repository/net/minidev/json-smart/2.5.1/json-smart-2.5.1.jar:/root/.m2/repository/net/minidev/accessors-smart/2.5.1/accessors-smart-2.5.1.jar:/root/.m2/repository/org/ow2/asm/asm/9.6/asm-9.6.jar:/root/.m2/repository/org/assertj/assertj-core/3.25.3/assertj-core-3.25.3.jar:/root/.m2/repository/org/awaitility/awaitility/4.2.1/awaitility-4.2.1.jar:/root/.m2/repository/org/hamcrest/hamcrest/2.2/hamcrest-2.2.jar:/root/.m2/repository/org/junit/jupiter/junit-jupiter/5.10.2/junit-jupiter-5.10.2.jar:/root/.m2/repository/org/junit/jupiter/junit-jupiter-api/5.10.2/junit-jupiter-api-5.10.2.jar:/root/.m2/repository/org/opentest4j/opentest4j/1.3.0/opentest4j-1.3.0.jar:/root/.m2/repository/org/junit/platform/junit-platform-commons/1.10.2/junit-platform-commons-1.10.2.jar:/root/.m2/repository/org/apiguardian/apiguardian-api/1.1.2/apiguardian-api-1.1.2.jar:/root/.m2/repository/org/junit/jupiter/junit-jupiter-params/5.10.2/junit-jupiter-params-5.10.2.jar:/root/.m2/repository/org/junit/jupiter/junit-jupiter-engine/5.10.2/junit-jupiter-engine-5.10.2.jar:/root/.m2/repository/org/junit/platform/junit-platform-engine/1.10.2/junit-platform-engine-1.10.2.jar:/root/.m2/repository/org/mockito/mockito-core/5.11.0/mockito-core-5.11.0.jar:/root/.m2/repository/net/bytebuddy/byte-buddy-agent/1.14.17/byte-buddy-agent-1.14.17.jar:/root/.m2/repository/org/objenesis/objenesis/3.3/objenesis-3.3.jar:/root/.m2/repository/org/mockito/mockito-junit-jupiter/5.11.0/mockito-junit-jupiter-5.11.0.jar:/root/.m2/repository/org/skyscreamer/jsonassert/1.5.1/jsonassert-1.5.1.jar:/root/.m2/repository/com/vaadin/external/google/android-json/0.0.20131108.vaadin1/android-json-0.0.20131108.vaadin1.jar:/root/.m2/repository/org/springframework/spring-core/6.1.10/spring-core-6.1.10.jar:/root/.m2/repository/org/springframework/spring-jcl/6.1.10/spring-jcl-6.1.10.jar:/root/.m2/repository/org/springframework/spring-test/6.1.10/spring-test-6.1.10.jar:/root/.m2/repository/org/xmlunit/xmlunit-core/2.9.1/xmlunit-core-2.9.1.jar:"/>
    <property name="sun.cpu.endian" value="little"/>
    <property name="user.home" value="/root"/>
    <property name="user.language" value="en"/>
    <property name="java.specification.vendor" value="Oracle Corporation"/>
    <property name="java.version.date" value="2024-04-16"/>
    <property name="java.home" value="/usr/lib/jvm/java-21-openjdk-arm64"/>
    <property name="file.separator" value="/"/>
    <property name="basedir" value="/IdeaProjects/myDevContainer"/>
    <property name="java.vm.compressedOopsMode" value="32-bit"/>
    <property name="line.separator" value="&#10;"/>
    <property name="java.vm.specification.vendor" value="Oracle Corporation"/>
    <property name="java.specification.name" value="Java Platform API Specification"/>
    <property name="FILE_LOG_CHARSET" value="UTF-8"/>
    <property name="java.awt.headless" value="true"/>
    <property name="surefire.real.class.path" value="/IdeaProjects/myDevContainer/target/surefire/surefirebooter-20240711131137623_3.jar"/>
    <property name="sun.management.compiler" value="HotSpot 64-Bit Tiered Compilers"/>
    <property name="java.runtime.version" value="21.0.3+9-Ubuntu-1ubuntu1"/>
    <property name="user.name" value="root"/>
    <property name="stdout.encoding" value="ANSI_X3.4-1968"/>
    <property name="path.separator" value=":"/>
    <property name="os.version" value="6.6.32-linuxkit"/>
    <property name="java.runtime.name" value="OpenJDK Runtime Environment"/>
    <property name="file.encoding" value="UTF-8"/>
    <property name="java.vm.name" value="OpenJDK 64-Bit Server VM"/>
    <property name="localRepository" value="/root/.m2/repository"/>
    <property name="java.vendor.url.bug" value="https://bugs.launchpad.net/ubuntu/+source/openjdk-21"/>
    <property name="java.io.tmpdir" value="/tmp"/>
    <property name="idea.version" value="2024.2"/>
    <property name="com.zaxxer.hikari.pool_number" value="1"/>
    <property name="java.version" value="21.0.3"/>
    <property name="user.dir" value="/IdeaProjects/myDevContainer"/>
    <property name="os.arch" value="aarch64"/>
    <property name="java.vm.specification.name" value="Java Virtual Machine Specification"/>
    <property name="PID" value="8053"/>
    <property name="CONSOLE_LOG_CHARSET" value="UTF-8"/>
    <property name="native.encoding" value="ANSI_X3.4-1968"/>
    <property name="java.library.path" value="/usr/java/packages/lib:/usr/lib/aarch64-linux-gnu/jni:/lib/aarch64-linux-gnu:/usr/lib/aarch64-linux-gnu:/usr/lib/jni:/lib:/usr/lib"/>
    <property name="java.vm.info" value="mixed mode, sharing"/>
    <property name="stderr.encoding" value="ANSI_X3.4-1968"/>
    <property name="java.vendor" value="Ubuntu"/>
    <property name="java.vm.version" value="21.0.3+9-Ubuntu-1ubuntu1"/>
    <property name="sun.io.unicode.encoding" value="UnicodeLittle"/>
    <property name="java.class.version" value="65.0"/>
    <property name="LOGGED_APPLICATION_NAME" value="[myDevContainer] "/>
  </properties>
  <testcase name="contextLoads" classname="bzh.redge.myDevContainer.MyDevContainerApplicationTests" time="0.347">
    <system-out><![CDATA[13:11:38.099 [main] INFO org.springframework.test.context.support.AnnotationConfigContextLoaderUtils -- Could not detect default configuration classes for test class [bzh.redge.myDevContainer.MyDevContainerApplicationTests]: MyDevContainerApplicationTests does not declare any static, non-private, non-final, nested classes annotated with @Configuration.
13:11:38.161 [main] INFO org.springframework.boot.test.context.SpringBootTestContextBootstrapper -- Found @SpringBootConfiguration bzh.redge.myDevContainer.MyDevContainerApplication for test class bzh.redge.myDevContainer.MyDevContainerApplicationTests
13:11:38.270 [main] INFO org.springframework.boot.devtools.restart.RestartApplicationListener -- Restart disabled due to context in which it is running

  .   ____          _            __ _ _
 /\\ / ___'_ __ _ _(_)_ __  __ _ \ \ \ \
( ( )\___ | '_ | '_| | '_ \/ _` | \ \ \ \
 \\/  ___)| |_)| | | | | || (_| |  ) ) ) )
  '  |____| .__|_| |_|_| |_\__, | / / / /
 =========|_|==============|___/=/_/_/_/

 :: Spring Boot ::                (v3.3.1)

2024-07-11T13:11:38.444Z  INFO 8053 --- [myDevContainer] [           main] b.r.m.MyDevContainerApplicationTests     : Starting MyDevContainerApplicationTests using Java 21.0.3 with PID 8053 (started by root in /IdeaProjects/myDevContainer)
2024-07-11T13:11:38.445Z  INFO 8053 --- [myDevContainer] [           main] b.r.m.MyDevContainerApplicationTests     : No active profile set, falling back to 1 default profile: "default"
2024-07-11T13:11:39.337Z  INFO 8053 --- [myDevContainer] [           main] .s.d.r.c.RepositoryConfigurationDelegate : Bootstrapping Spring Data JPA repositories in DEFAULT mode.
2024-07-11T13:11:39.373Z  INFO 8053 --- [myDevContainer] [           main] .s.d.r.c.RepositoryConfigurationDelegate : Finished Spring Data repository scanning in 31 ms. Found 1 JPA repository interface.
2024-07-11T13:11:39.881Z  INFO 8053 --- [myDevContainer] [           main] com.zaxxer.hikari.HikariDataSource       : HikariPool-1 - Starting...
2024-07-11T13:11:40.015Z  INFO 8053 --- [myDevContainer] [           main] com.zaxxer.hikari.pool.HikariPool        : HikariPool-1 - Added connection org.postgresql.jdbc.PgConnection@6682e6a5
2024-07-11T13:11:40.016Z  INFO 8053 --- [myDevContainer] [           main] com.zaxxer.hikari.HikariDataSource       : HikariPool-1 - Start completed.
2024-07-11T13:11:40.037Z  INFO 8053 --- [myDevContainer] [           main] org.flywaydb.core.FlywayExecutor         : Database: jdbc:postgresql://bdd:5432/test-dev-container (PostgreSQL 16.3)
2024-07-11T13:11:40.068Z  INFO 8053 --- [myDevContainer] [           main] o.f.core.internal.command.DbValidate     : Successfully validated 1 migration (execution time 00:00.017s)
2024-07-11T13:11:40.084Z  INFO 8053 --- [myDevContainer] [           main] o.f.core.internal.command.DbMigrate      : Current version of schema "public": 1
2024-07-11T13:11:40.086Z  INFO 8053 --- [myDevContainer] [           main] o.f.core.internal.command.DbMigrate      : Schema "public" is up to date. No migration necessary.
2024-07-11T13:11:40.180Z  INFO 8053 --- [myDevContainer] [           main] o.hibernate.jpa.internal.util.LogHelper  : HHH000204: Processing PersistenceUnitInfo [name: default]
2024-07-11T13:11:40.225Z  INFO 8053 --- [myDevContainer] [           main] org.hibernate.Version                    : HHH000412: Hibernate ORM core version 6.5.2.Final
2024-07-11T13:11:40.250Z  INFO 8053 --- [myDevContainer] [           main] o.h.c.internal.RegionFactoryInitiator    : HHH000026: Second-level cache disabled
2024-07-11T13:11:40.518Z  INFO 8053 --- [myDevContainer] [           main] o.s.o.j.p.SpringPersistenceUnitInfo      : No LoadTimeWeaver setup: ignoring JPA class transformer
2024-07-11T13:11:41.142Z  INFO 8053 --- [myDevContainer] [           main] o.h.e.t.j.p.i.JtaPlatformInitiator       : HHH000489: No JTA platform available (set 'hibernate.transaction.jta.platform' to enable JTA platform integration)
2024-07-11T13:11:41.144Z  INFO 8053 --- [myDevContainer] [           main] j.LocalContainerEntityManagerFactoryBean : Initialized JPA EntityManagerFactory for persistence unit 'default'
2024-07-11T13:11:41.505Z  WARN 8053 --- [myDevContainer] [           main] JpaBaseConfiguration$JpaWebConfiguration : spring.jpa.open-in-view is enabled by default. Therefore, database queries may be performed during view rendering. Explicitly configure spring.jpa.open-in-view to disable this warning
2024-07-11T13:11:42.088Z  INFO 8053 --- [myDevContainer] [           main] b.r.m.MyDevContainerApplicationTests     : Started MyDevContainerApplicationTests in 3.827 seconds (process running for 4.428)
]]></system-out>
    <system-err><![CDATA[WARNING: A Java agent has been loaded dynamically (/root/.m2/repository/net/bytebuddy/byte-buddy-agent/1.14.17/byte-buddy-agent-1.14.17.jar)
WARNING: If a serviceability tool is in use, please run with -XX:+EnableDynamicAgentLoading to hide this warning
WARNING: If a serviceability tool is not in use, please run with -Djdk.instrument.traceUsage for more information
WARNING: Dynamic loading of agents will be disallowed by default in a future release
]]></system-err>
  </testcase>
</testsuite>